C:\USERS\TIAGO\DESKTOP\JOGOS E PROGRAMAS\GITHUB\MEGABOTREPOSITORY\SKYNET\SKYNET\RELEASE\MAPHELPER.OBJ
C:\USERS\TIAGO\DESKTOP\JOGOS E PROGRAMAS\GITHUB\MEGABOTREPOSITORY\SKYNET\SKYNET\RELEASE\BASETRACKER.OBJ
C:\USERS\TIAGO\DESKTOP\JOGOS E PROGRAMAS\GITHUB\MEGABOTREPOSITORY\SKYNET\SKYNET\RELEASE\BASE.OBJ
C:\USERS\TIAGO\DESKTOP\JOGOS E PROGRAMAS\GITHUB\MEGABOTREPOSITORY\SKYNET\SKYNET\RELEASE\TERRAINANAYSIS.OBJ
C:\USERS\TIAGO\DESKTOP\JOGOS E PROGRAMAS\GITHUB\MEGABOTREPOSITORY\SKYNET\SKYNET\RELEASE\REGION.OBJ
C:\USERS\TIAGO\DESKTOP\JOGOS E PROGRAMAS\GITHUB\MEGABOTREPOSITORY\SKYNET\SKYNET\RELEASE\CHOKEPOINT.OBJ
C:\USERS\TIAGO\DESKTOP\JOGOS E PROGRAMAS\GITHUB\MEGABOTREPOSITORY\SKYNET\SKYNET\RELEASE\DRAWINGHELPER.OBJ
C:\USERS\TIAGO\DESKTOP\JOGOS E PROGRAMAS\GITHUB\MEGABOTREPOSITORY\SKYNET\SKYNET\RELEASE\DRAWBUFFER.OBJ
C:\USERS\TIAGO\DESKTOP\JOGOS E PROGRAMAS\GITHUB\MEGABOTREPOSITORY\SKYNET\SKYNET\RELEASE\WALLTRACKER.OBJ
C:\USERS\TIAGO\DESKTOP\JOGOS E PROGRAMAS\GITHUB\MEGABOTREPOSITORY\SKYNET\SKYNET\RELEASE\SUPPLYMANAGER.OBJ
C:\USERS\TIAGO\DESKTOP\JOGOS E PROGRAMAS\GITHUB\MEGABOTREPOSITORY\SKYNET\SKYNET\RELEASE\SKYNET.OBJ
C:\USERS\TIAGO\DESKTOP\JOGOS E PROGRAMAS\GITHUB\MEGABOTREPOSITORY\SKYNET\SKYNET\RELEASE\RESOURCEMANAGER.OBJ
C:\USERS\TIAGO\DESKTOP\JOGOS E PROGRAMAS\GITHUB\MEGABOTREPOSITORY\SKYNET\SKYNET\RELEASE\PYLONPOWERTRACKER.OBJ
C:\USERS\TIAGO\DESKTOP\JOGOS E PROGRAMAS\GITHUB\MEGABOTREPOSITORY\SKYNET\SKYNET\RELEASE\PLAYERTRACKER.OBJ
C:\USERS\TIAGO\DESKTOP\JOGOS E PROGRAMAS\GITHUB\MEGABOTREPOSITORY\SKYNET\SKYNET\RELEASE\MACROMANAGER.OBJ
C:\USERS\TIAGO\DESKTOP\JOGOS E PROGRAMAS\GITHUB\MEGABOTREPOSITORY\SKYNET\SKYNET\RELEASE\LATENCYTRACKER.OBJ
C:\USERS\TIAGO\DESKTOP\JOGOS E PROGRAMAS\GITHUB\MEGABOTREPOSITORY\SKYNET\SKYNET\RELEASE\GAMEPROGRESSDETECTION.OBJ
C:\USERS\TIAGO\DESKTOP\JOGOS E PROGRAMAS\GITHUB\MEGABOTREPOSITORY\SKYNET\SKYNET\RELEASE\GAMEMEMORY.OBJ
C:\USERS\TIAGO\DESKTOP\JOGOS E PROGRAMAS\GITHUB\MEGABOTREPOSITORY\SKYNET\SKYNET\RELEASE\EXPANSIONMANAGER.OBJ
C:\USERS\TIAGO\DESKTOP\JOGOS E PROGRAMAS\GITHUB\MEGABOTREPOSITORY\SKYNET\SKYNET\RELEASE\DLL.OBJ
C:\USERS\TIAGO\DESKTOP\JOGOS E PROGRAMAS\GITHUB\MEGABOTREPOSITORY\SKYNET\SKYNET\RELEASE\RESERVEDLOCATION.OBJ
C:\USERS\TIAGO\DESKTOP\JOGOS E PROGRAMAS\GITHUB\MEGABOTREPOSITORY\SKYNET\SKYNET\RELEASE\BUILDINGPLACER.OBJ
C:\USERS\TIAGO\DESKTOP\JOGOS E PROGRAMAS\GITHUB\MEGABOTREPOSITORY\SKYNET\SKYNET\RELEASE\UNITTRACKER.OBJ
C:\USERS\TIAGO\DESKTOP\JOGOS E PROGRAMAS\GITHUB\MEGABOTREPOSITORY\SKYNET\SKYNET\RELEASE\UNITPREDICTOR.OBJ
C:\USERS\TIAGO\DESKTOP\JOGOS E PROGRAMAS\GITHUB\MEGABOTREPOSITORY\SKYNET\SKYNET\RELEASE\UNITINFORMATION.OBJ
C:\USERS\TIAGO\DESKTOP\JOGOS E PROGRAMAS\GITHUB\MEGABOTREPOSITORY\SKYNET\SKYNET\RELEASE\UNITGROUP.OBJ
C:\USERS\TIAGO\DESKTOP\JOGOS E PROGRAMAS\GITHUB\MEGABOTREPOSITORY\SKYNET\SKYNET\RELEASE\UNIT.OBJ
C:\USERS\TIAGO\DESKTOP\JOGOS E PROGRAMAS\GITHUB\MEGABOTREPOSITORY\SKYNET\SKYNET\RELEASE\UPGRADETASK.OBJ
C:\USERS\TIAGO\DESKTOP\JOGOS E PROGRAMAS\GITHUB\MEGABOTREPOSITORY\SKYNET\SKYNET\RELEASE\TRAINTASK.OBJ
C:\USERS\TIAGO\DESKTOP\JOGOS E PROGRAMAS\GITHUB\MEGABOTREPOSITORY\SKYNET\SKYNET\RELEASE\TECHTASK.OBJ
C:\USERS\TIAGO\DESKTOP\JOGOS E PROGRAMAS\GITHUB\MEGABOTREPOSITORY\SKYNET\SKYNET\RELEASE\MORPHTASK.OBJ
C:\USERS\TIAGO\DESKTOP\JOGOS E PROGRAMAS\GITHUB\MEGABOTREPOSITORY\SKYNET\SKYNET\RELEASE\IDLETASK.OBJ
C:\USERS\TIAGO\DESKTOP\JOGOS E PROGRAMAS\GITHUB\MEGABOTREPOSITORY\SKYNET\SKYNET\RELEASE\GATHERTASK.OBJ
C:\USERS\TIAGO\DESKTOP\JOGOS E PROGRAMAS\GITHUB\MEGABOTREPOSITORY\SKYNET\SKYNET\RELEASE\CONSTRUCTIONTASK.OBJ
C:\USERS\TIAGO\DESKTOP\JOGOS E PROGRAMAS\GITHUB\MEGABOTREPOSITORY\SKYNET\SKYNET\RELEASE\TASKPUMP.OBJ
C:\USERS\TIAGO\DESKTOP\JOGOS E PROGRAMAS\GITHUB\MEGABOTREPOSITORY\SKYNET\SKYNET\RELEASE\TASKMANAGER.OBJ
C:\USERS\TIAGO\DESKTOP\JOGOS E PROGRAMAS\GITHUB\MEGABOTREPOSITORY\SKYNET\SKYNET\RELEASE\RESOURCETRACKER.OBJ
C:\USERS\TIAGO\DESKTOP\JOGOS E PROGRAMAS\GITHUB\MEGABOTREPOSITORY\SKYNET\SKYNET\RELEASE\REQUIREMENTGROUP.OBJ
C:\USERS\TIAGO\DESKTOP\JOGOS E PROGRAMAS\GITHUB\MEGABOTREPOSITORY\SKYNET\SKYNET\RELEASE\REQUIREMENT.OBJ
C:\USERS\TIAGO\DESKTOP\JOGOS E PROGRAMAS\GITHUB\MEGABOTREPOSITORY\SKYNET\SKYNET\RELEASE\UNITHELPER.OBJ
C:\USERS\TIAGO\DESKTOP\JOGOS E PROGRAMAS\GITHUB\MEGABOTREPOSITORY\SKYNET\SKYNET\RELEASE\DROPACTION.OBJ
C:\USERS\TIAGO\DESKTOP\JOGOS E PROGRAMAS\GITHUB\MEGABOTREPOSITORY\SKYNET\SKYNET\RELEASE\DETECTORACTION.OBJ
C:\USERS\TIAGO\DESKTOP\JOGOS E PROGRAMAS\GITHUB\MEGABOTREPOSITORY\SKYNET\SKYNET\RELEASE\BASICUNITACTION.OBJ
C:\USERS\TIAGO\DESKTOP\JOGOS E PROGRAMAS\GITHUB\MEGABOTREPOSITORY\SKYNET\SKYNET\RELEASE\ARCONZEALOTKILLUNDETECTED.OBJ
C:\USERS\TIAGO\DESKTOP\JOGOS E PROGRAMAS\GITHUB\MEGABOTREPOSITORY\SKYNET\SKYNET\RELEASE\ARBITERACTION.OBJ
C:\USERS\TIAGO\DESKTOP\JOGOS E PROGRAMAS\GITHUB\MEGABOTREPOSITORY\SKYNET\SKYNET\RELEASE\SQUADMANAGER.OBJ
C:\USERS\TIAGO\DESKTOP\JOGOS E PROGRAMAS\GITHUB\MEGABOTREPOSITORY\SKYNET\SKYNET\RELEASE\GOAL.OBJ
C:\USERS\TIAGO\DESKTOP\JOGOS E PROGRAMAS\GITHUB\MEGABOTREPOSITORY\SKYNET\SKYNET\RELEASE\BEHAVIOUR.OBJ
C:\USERS\TIAGO\DESKTOP\JOGOS E PROGRAMAS\GITHUB\MEGABOTREPOSITORY\SKYNET\SKYNET\RELEASE\WORKERSCOUTTASK.OBJ
C:\USERS\TIAGO\DESKTOP\JOGOS E PROGRAMAS\GITHUB\MEGABOTREPOSITORY\SKYNET\SKYNET\RELEASE\SCOUTMANAGER.OBJ
C:\USERS\TIAGO\DESKTOP\JOGOS E PROGRAMAS\GITHUB\MEGABOTREPOSITORY\SKYNET\SKYNET\RELEASE\SCOUTDATA.OBJ
C:\USERS\TIAGO\DESKTOP\JOGOS E PROGRAMAS\GITHUB\MEGABOTREPOSITORY\SKYNET\SKYNET\RELEASE\OBSERVERSCOUTTASK.OBJ
C:\USERS\TIAGO\DESKTOP\JOGOS E PROGRAMAS\GITHUB\MEGABOTREPOSITORY\SKYNET\SKYNET\RELEASE\BORDERTRACKER.OBJ
C:\USERS\TIAGO\DESKTOP\JOGOS E PROGRAMAS\GITHUB\MEGABOTREPOSITORY\SKYNET\SKYNET\RELEASE\BORDERPOSITION.OBJ
C:\USERS\TIAGO\DESKTOP\JOGOS E PROGRAMAS\GITHUB\MEGABOTREPOSITORY\SKYNET\SKYNET\RELEASE\LOADZERGBUILDS.OBJ
C:\USERS\TIAGO\DESKTOP\JOGOS E PROGRAMAS\GITHUB\MEGABOTREPOSITORY\SKYNET\SKYNET\RELEASE\LOADTERRANBUILDS.OBJ
C:\USERS\TIAGO\DESKTOP\JOGOS E PROGRAMAS\GITHUB\MEGABOTREPOSITORY\SKYNET\SKYNET\RELEASE\LOADPROTOSSBUILDS.OBJ
C:\USERS\TIAGO\DESKTOP\JOGOS E PROGRAMAS\GITHUB\MEGABOTREPOSITORY\SKYNET\SKYNET\RELEASE\LOADOTHERBUILDS.OBJ
C:\USERS\TIAGO\DESKTOP\JOGOS E PROGRAMAS\GITHUB\MEGABOTREPOSITORY\SKYNET\SKYNET\RELEASE\BUILDORDERMANAGER.OBJ
C:\USERS\TIAGO\DESKTOP\JOGOS E PROGRAMAS\GITHUB\MEGABOTREPOSITORY\SKYNET\SKYNET\RELEASE\BUILDORDER.OBJ
C:\USERS\TIAGO\DESKTOP\JOGOS E PROGRAMAS\GITHUB\MEGABOTREPOSITORY\SKYNET\SKYNET\RELEASE\MINEBLOCKINGMINERALTASK.OBJ
C:\USERS\TIAGO\DESKTOP\JOGOS E PROGRAMAS\GITHUB\MEGABOTREPOSITORY\SKYNET\SKYNET\RELEASE\BLOCKEDPATHMANAGER.OBJ
C:\USERS\TIAGO\DESKTOP\JOGOS E PROGRAMAS\GITHUB\MEGABOTREPOSITORY\SKYNET\SKYNET\RELEASE\UNITFILTER.OBJ
C:\USERS\TIAGO\DESKTOP\JOGOS E PROGRAMAS\GITHUB\MEGABOTREPOSITORY\SKYNET\SKYNET\RELEASE\CONDITION.OBJ
C:\USERS\TIAGO\DESKTOP\JOGOS E PROGRAMAS\GITHUB\MEGABOTREPOSITORY\SKYNET\SKYNET\RELEASE\AOETHREATTRACKER.OBJ
C:\USERS\TIAGO\DESKTOP\JOGOS E PROGRAMAS\GITHUB\MEGABOTREPOSITORY\SKYNET\SKYNET\RELEASE\AOETHREAT.OBJ
C:\USERS\TIAGO\DESKTOP\JOGOS E PROGRAMAS\GITHUB\MEGABOTREPOSITORY\SKYNET\SKYNET\RELEASE\WALKPOSITIONPATH.OBJ
C:\USERS\TIAGO\DESKTOP\JOGOS E PROGRAMAS\GITHUB\MEGABOTREPOSITORY\SKYNET\SKYNET\RELEASE\REGIONPATH.OBJ
C:\USERS\TIAGO\DESKTOP\JOGOS E PROGRAMAS\GITHUB\MEGABOTREPOSITORY\SKYNET\SKYNET\RELEASE\POSITIONPATH.OBJ
C:\USERS\TIAGO\DESKTOP\JOGOS E PROGRAMAS\GITHUB\MEGABOTREPOSITORY\SKYNET\SKYNET\RELEASE\PATHFINDER.OBJ
C:\USERS\TIAGO\DESKTOP\JOGOS E PROGRAMAS\GITHUB\MEGABOTREPOSITORY\SKYNET\SKYNET\RELEASE\BUILDTILEPATH.OBJ
C:\USERS\TIAGO\DESKTOP\JOGOS E PROGRAMAS\GITHUB\MEGABOTREPOSITORY\SKYNET\SKYNET\RELEASE\DEFENSESQUAD.OBJ
C:\USERS\TIAGO\DESKTOP\JOGOS E PROGRAMAS\GITHUB\MEGABOTREPOSITORY\SKYNET\SKYNET\RELEASE\DEFAULTSQUAD.OBJ
C:\USERS\TIAGO\DESKTOP\JOGOS E PROGRAMAS\GITHUB\MEGABOTREPOSITORY\SKYNET\SKYNET\RELEASE\ADVANCEDGROUP.OBJ
C:\USERS\TIAGO\DESKTOP\JOGOS E PROGRAMAS\GITHUB\MEGABOTREPOSITORY\SKYNET\SKYNET\RELEASE\TRAINSCARABACTION.OBJ
C:\USERS\TIAGO\DESKTOP\JOGOS E PROGRAMAS\GITHUB\MEGABOTREPOSITORY\SKYNET\SKYNET\RELEASE\TRAININTERCEPTORACTION.OBJ
C:\USERS\TIAGO\DESKTOP\JOGOS E PROGRAMAS\GITHUB\MEGABOTREPOSITORY\SKYNET\SKYNET\RELEASE\PSISTORMACTION.OBJ
C:\USERS\TIAGO\DESKTOP\JOGOS E PROGRAMAS\GITHUB\MEGABOTREPOSITORY\SKYNET\SKYNET\RELEASE\MINEDRAGACTION.OBJ
C:\USERS\TIAGO\DESKTOP\JOGOS E PROGRAMAS\GITHUB\MEGABOTREPOSITORY\SKYNET\SKYNET\RELEASE\GOALACTION.OBJ
C:\USERS\TIAGO\DESKTOP\JOGOS E PROGRAMAS\GITHUB\MEGABOTREPOSITORY\SKYNET\SKYNET\RELEASE\VC90.PDB
C:\USERS\TIAGO\DESKTOP\JOGOS E PROGRAMAS\GITHUB\MEGABOTREPOSITORY\MEGABOT\RELEASE\SKYNET-LIB.LIB
C:\Users\Tiago\Desktop\Jogos e programas\GitHub\MegaBotRepository\Skynet\Skynet\Release\AdvancedGroup.obj
C:\Users\Tiago\Desktop\Jogos e programas\GitHub\MegaBotRepository\Skynet\Skynet\Release\AOEThreat.obj
C:\Users\Tiago\Desktop\Jogos e programas\GitHub\MegaBotRepository\Skynet\Skynet\Release\AOEThreatTracker.obj
C:\Users\Tiago\Desktop\Jogos e programas\GitHub\MegaBotRepository\Skynet\Skynet\Release\ArbiterAction.obj
C:\Users\Tiago\Desktop\Jogos e programas\GitHub\MegaBotRepository\Skynet\Skynet\Release\ArconZealotKillUnDetected.obj
C:\Users\Tiago\Desktop\Jogos e programas\GitHub\MegaBotRepository\Skynet\Skynet\Release\Base.obj
C:\Users\Tiago\Desktop\Jogos e programas\GitHub\MegaBotRepository\Skynet\Skynet\Release\BaseTracker.obj
C:\Users\Tiago\Desktop\Jogos e programas\GitHub\MegaBotRepository\Skynet\Skynet\Release\BasicUnitAction.obj
C:\Users\Tiago\Desktop\Jogos e programas\GitHub\MegaBotRepository\Skynet\Skynet\Release\Behaviour.obj
C:\Users\Tiago\Desktop\Jogos e programas\GitHub\MegaBotRepository\Skynet\Skynet\Release\BlockedPathManager.obj
C:\Users\Tiago\Desktop\Jogos e programas\GitHub\MegaBotRepository\Skynet\Skynet\Release\BorderPosition.obj
C:\Users\Tiago\Desktop\Jogos e programas\GitHub\MegaBotRepository\Skynet\Skynet\Release\BorderTracker.obj
C:\Users\Tiago\Desktop\Jogos e programas\GitHub\MegaBotRepository\Skynet\Skynet\Release\BuildingPlacer.obj
C:\Users\Tiago\Desktop\Jogos e programas\GitHub\MegaBotRepository\Skynet\Skynet\Release\BuildOrder.obj
C:\Users\Tiago\Desktop\Jogos e programas\GitHub\MegaBotRepository\Skynet\Skynet\Release\BuildOrderManager.obj
C:\Users\Tiago\Desktop\Jogos e programas\GitHub\MegaBotRepository\Skynet\Skynet\Release\BuildTilePath.obj
C:\Users\Tiago\Desktop\Jogos e programas\GitHub\MegaBotRepository\Skynet\Skynet\Release\Chokepoint.obj
C:\Users\Tiago\Desktop\Jogos e programas\GitHub\MegaBotRepository\Skynet\Skynet\Release\Condition.obj
C:\Users\Tiago\Desktop\Jogos e programas\GitHub\MegaBotRepository\Skynet\Skynet\Release\ConstructionTask.obj
C:\Users\Tiago\Desktop\Jogos e programas\GitHub\MegaBotRepository\Skynet\Skynet\Release\DefaultSquad.obj
C:\Users\Tiago\Desktop\Jogos e programas\GitHub\MegaBotRepository\Skynet\Skynet\Release\DefenseSquad.obj
C:\Users\Tiago\Desktop\Jogos e programas\GitHub\MegaBotRepository\Skynet\Skynet\Release\DetectorAction.obj
C:\Users\Tiago\Desktop\Jogos e programas\GitHub\MegaBotRepository\Skynet\Skynet\Release\DLL.obj
C:\Users\Tiago\Desktop\Jogos e programas\GitHub\MegaBotRepository\Skynet\Skynet\Release\DrawBuffer.obj
C:\Users\Tiago\Desktop\Jogos e programas\GitHub\MegaBotRepository\Skynet\Skynet\Release\DrawingHelper.obj
C:\Users\Tiago\Desktop\Jogos e programas\GitHub\MegaBotRepository\Skynet\Skynet\Release\DropAction.obj
C:\Users\Tiago\Desktop\Jogos e programas\GitHub\MegaBotRepository\Skynet\Skynet\Release\ExpansionManager.obj
C:\Users\Tiago\Desktop\Jogos e programas\GitHub\MegaBotRepository\Skynet\Skynet\Release\GameMemory.obj
C:\Users\Tiago\Desktop\Jogos e programas\GitHub\MegaBotRepository\Skynet\Skynet\Release\GameProgressDetection.obj
C:\Users\Tiago\Desktop\Jogos e programas\GitHub\MegaBotRepository\Skynet\Skynet\Release\GatherTask.obj
C:\Users\Tiago\Desktop\Jogos e programas\GitHub\MegaBotRepository\Skynet\Skynet\Release\Goal.obj
C:\Users\Tiago\Desktop\Jogos e programas\GitHub\MegaBotRepository\Skynet\Skynet\Release\GoalAction.obj
C:\Users\Tiago\Desktop\Jogos e programas\GitHub\MegaBotRepository\Skynet\Skynet\Release\IdleTask.obj
C:\Users\Tiago\Desktop\Jogos e programas\GitHub\MegaBotRepository\Skynet\Skynet\Release\LatencyTracker.obj
C:\Users\Tiago\Desktop\Jogos e programas\GitHub\MegaBotRepository\Skynet\Skynet\Release\LoadOtherBuilds.obj
C:\Users\Tiago\Desktop\Jogos e programas\GitHub\MegaBotRepository\Skynet\Skynet\Release\LoadProtossBuilds.obj
C:\Users\Tiago\Desktop\Jogos e programas\GitHub\MegaBotRepository\Skynet\Skynet\Release\LoadTerranBuilds.obj
C:\Users\Tiago\Desktop\Jogos e programas\GitHub\MegaBotRepository\Skynet\Skynet\Release\LoadZergBuilds.obj
C:\Users\Tiago\Desktop\Jogos e programas\GitHub\MegaBotRepository\Skynet\Skynet\Release\MacroManager.obj
C:\Users\Tiago\Desktop\Jogos e programas\GitHub\MegaBotRepository\Skynet\Skynet\Release\MapHelper.obj
C:\Users\Tiago\Desktop\Jogos e programas\GitHub\MegaBotRepository\Skynet\Skynet\Release\MineBlockingMineralTask.obj
C:\Users\Tiago\Desktop\Jogos e programas\GitHub\MegaBotRepository\Skynet\Skynet\Release\MineDragAction.obj
C:\Users\Tiago\Desktop\Jogos e programas\GitHub\MegaBotRepository\Skynet\Skynet\Release\MorphTask.obj
C:\Users\Tiago\Desktop\Jogos e programas\GitHub\MegaBotRepository\Skynet\Skynet\Release\ObserverScoutTask.obj
C:\Users\Tiago\Desktop\Jogos e programas\GitHub\MegaBotRepository\Skynet\Skynet\Release\PathFinder.obj
C:\Users\Tiago\Desktop\Jogos e programas\GitHub\MegaBotRepository\Skynet\Skynet\Release\PlayerTracker.obj
C:\Users\Tiago\Desktop\Jogos e programas\GitHub\MegaBotRepository\Skynet\Skynet\Release\PositionPath.obj
C:\Users\Tiago\Desktop\Jogos e programas\GitHub\MegaBotRepository\Skynet\Skynet\Release\PsiStormAction.obj
C:\Users\Tiago\Desktop\Jogos e programas\GitHub\MegaBotRepository\Skynet\Skynet\Release\PylonPowerTracker.obj
C:\Users\Tiago\Desktop\Jogos e programas\GitHub\MegaBotRepository\Skynet\Skynet\Release\Region.obj
C:\Users\Tiago\Desktop\Jogos e programas\GitHub\MegaBotRepository\Skynet\Skynet\Release\RegionPath.obj
C:\Users\Tiago\Desktop\Jogos e programas\GitHub\MegaBotRepository\Skynet\Skynet\Release\Requirement.obj
C:\Users\Tiago\Desktop\Jogos e programas\GitHub\MegaBotRepository\Skynet\Skynet\Release\RequirementGroup.obj
C:\Users\Tiago\Desktop\Jogos e programas\GitHub\MegaBotRepository\Skynet\Skynet\Release\ReservedLocation.obj
C:\Users\Tiago\Desktop\Jogos e programas\GitHub\MegaBotRepository\Skynet\Skynet\Release\ResourceManager.obj
C:\Users\Tiago\Desktop\Jogos e programas\GitHub\MegaBotRepository\Skynet\Skynet\Release\ResourceTracker.obj
C:\Users\Tiago\Desktop\Jogos e programas\GitHub\MegaBotRepository\Skynet\Skynet\Release\ScoutData.obj
C:\Users\Tiago\Desktop\Jogos e programas\GitHub\MegaBotRepository\Skynet\Skynet\Release\ScoutManager.obj
C:\Users\Tiago\Desktop\Jogos e programas\GitHub\MegaBotRepository\Skynet\Skynet\Release\Skynet.obj
C:\Users\Tiago\Desktop\Jogos e programas\GitHub\MegaBotRepository\Skynet\Skynet\Release\SquadManager.obj
C:\Users\Tiago\Desktop\Jogos e programas\GitHub\MegaBotRepository\Skynet\Skynet\Release\SupplyManager.obj
C:\Users\Tiago\Desktop\Jogos e programas\GitHub\MegaBotRepository\Skynet\Skynet\Release\TaskManager.obj
C:\Users\Tiago\Desktop\Jogos e programas\GitHub\MegaBotRepository\Skynet\Skynet\Release\TaskPump.obj
C:\Users\Tiago\Desktop\Jogos e programas\GitHub\MegaBotRepository\Skynet\Skynet\Release\TechTask.obj
C:\Users\Tiago\Desktop\Jogos e programas\GitHub\MegaBotRepository\Skynet\Skynet\Release\TerrainAnaysis.obj
C:\Users\Tiago\Desktop\Jogos e programas\GitHub\MegaBotRepository\Skynet\Skynet\Release\TrainInterceptorAction.obj
C:\Users\Tiago\Desktop\Jogos e programas\GitHub\MegaBotRepository\Skynet\Skynet\Release\TrainScarabAction.obj
C:\Users\Tiago\Desktop\Jogos e programas\GitHub\MegaBotRepository\Skynet\Skynet\Release\TrainTask.obj
C:\Users\Tiago\Desktop\Jogos e programas\GitHub\MegaBotRepository\Skynet\Skynet\Release\Unit.obj
C:\Users\Tiago\Desktop\Jogos e programas\GitHub\MegaBotRepository\Skynet\Skynet\Release\UnitFilter.obj
C:\Users\Tiago\Desktop\Jogos e programas\GitHub\MegaBotRepository\Skynet\Skynet\Release\UnitGroup.obj
C:\Users\Tiago\Desktop\Jogos e programas\GitHub\MegaBotRepository\Skynet\Skynet\Release\UnitHelper.obj
C:\Users\Tiago\Desktop\Jogos e programas\GitHub\MegaBotRepository\Skynet\Skynet\Release\UnitInformation.obj
C:\Users\Tiago\Desktop\Jogos e programas\GitHub\MegaBotRepository\Skynet\Skynet\Release\UnitPredictor.obj
C:\Users\Tiago\Desktop\Jogos e programas\GitHub\MegaBotRepository\Skynet\Skynet\Release\UnitTracker.obj
C:\Users\Tiago\Desktop\Jogos e programas\GitHub\MegaBotRepository\Skynet\Skynet\Release\UpgradeTask.obj
C:\Users\Tiago\Desktop\Jogos e programas\GitHub\MegaBotRepository\Skynet\Skynet\Release\WalkPositionPath.obj
C:\Users\Tiago\Desktop\Jogos e programas\GitHub\MegaBotRepository\Skynet\Skynet\Release\WallTracker.obj
C:\Users\Tiago\Desktop\Jogos e programas\GitHub\MegaBotRepository\Skynet\Skynet\Release\WorkerScoutTask.obj
C:\Users\Tiago\Desktop\Jogos e programas\GitHub\MegaBotRepository\Skynet\Skynet\Release\cl.command.1.tlog
C:\Users\Tiago\Desktop\Jogos e programas\GitHub\MegaBotRepository\Skynet\Skynet\Release\CL.read.1.tlog
C:\Users\Tiago\Desktop\Jogos e programas\GitHub\MegaBotRepository\Skynet\Skynet\Release\CL.write.1.tlog
C:\Users\Tiago\Desktop\Jogos e programas\GitHub\MegaBotRepository\Skynet\Skynet\Release\Lib-link.read.1.tlog
C:\Users\Tiago\Desktop\Jogos e programas\GitHub\MegaBotRepository\Skynet\Skynet\Release\Lib-link.write.1.tlog
C:\Users\Tiago\Desktop\Jogos e programas\GitHub\MegaBotRepository\Skynet\Skynet\Release\lib.command.1.tlog
C:\Users\Tiago\Desktop\Jogos e programas\GitHub\MegaBotRepository\Skynet\Skynet\Release\vc90.pdb
C:\Users\Tiago\Desktop\Jogos e programas\GitHub\MegaBotRepository\MegaBot\Release\Skynet-lib.lib
